<?xml version="1.0" encoding="UTF-8"?>
<!-- Generated by org.testng.reporters.JUnitReportReporter -->
<testsuite hostname="LAPTOP-1S8BALK3" name="com.tal.demo.util.DeEnCoderHutoolUtilTest" tests="3" failures="0" timestamp="27 Jul 2018 06:37:30 GMT" time="0.580" errors="1">
  <testcase name="testDesDecrypt" time="0.568" classname="com.tal.demo.util.DeEnCoderHutoolUtilTest"/>
  <testcase name="testRsaEncrypt" time="0.009" classname="com.tal.demo.util.DeEnCoderHutoolUtilTest">
    <error type="java.lang.AssertionError" message="expected [N2X7q1m2Um0+ckekuXr7N9QulwioduISrEZWrRWTozwsSVSHJiyL7onqatQH4re0pO0TvW640+Lx224m82NMEfOjoOh7TFbT7Ye24I/K/jVbFzkGB2KL0Ux7r0lEQDN+QH/VJubwUx61JKDB7ApW/DxjkBY+x6JjRgcyvn0DiyI=] but found [MSLgThr+j1w9w/RT2F6hCdqhOo12hruermBiXH2o8Ti/aZ8eVzZyz3gRIn193bIMICkZjysFV2zPXzubuom+RG1hdovevhPekSH9+Q2Y3Z3dZ0EMuMVKMW9SKAfIII5gFrtcmPyuqBNcWPD8VryqWQlME9ZdVTLOJGawh6OC4GM=]">
      <![CDATA[java.lang.AssertionError: expected [N2X7q1m2Um0+ckekuXr7N9QulwioduISrEZWrRWTozwsSVSHJiyL7onqatQH4re0pO0TvW640+Lx224m82NMEfOjoOh7TFbT7Ye24I/K/jVbFzkGB2KL0Ux7r0lEQDN+QH/VJubwUx61JKDB7ApW/DxjkBY+x6JjRgcyvn0DiyI=] but found [MSLgThr+j1w9w/RT2F6hCdqhOo12hruermBiXH2o8Ti/aZ8eVzZyz3gRIn193bIMICkZjysFV2zPXzubuom+RG1hdovevhPekSH9+Q2Y3Z3dZ0EMuMVKMW9SKAfIII5gFrtcmPyuqBNcWPD8VryqWQlME9ZdVTLOJGawh6OC4GM=]
	at org.testng.Assert.fail(Assert.java:94)
	at org.testng.Assert.failNotEquals(Assert.java:494)
	at org.testng.Assert.assertEquals(Assert.java:123)
	at org.testng.Assert.assertEquals(Assert.java:176)
	at org.testng.Assert.assertEquals(Assert.java:186)
	at com.tal.demo.util.DeEnCoderHutoolUtilTest.testRsaEncrypt(DeEnCoderHutoolUtilTest.java:69)
	at sun.reflect.NativeMethodAccessorImpl.invoke0(Native Method)
	at sun.reflect.NativeMethodAccessorImpl.invoke(Unknown Source)
	at sun.reflect.DelegatingMethodAccessorImpl.invoke(Unknown Source)
	at java.lang.reflect.Method.invoke(Unknown Source)
	at org.testng.internal.MethodInvocationHelper.invokeMethod(MethodInvocationHelper.java:84)
	at org.testng.internal.Invoker.invokeMethod(Invoker.java:714)
	at org.testng.internal.Invoker.invokeTestMethod(Invoker.java:901)
	at org.testng.internal.Invoker.invokeTestMethods(Invoker.java:1231)
	at org.testng.internal.TestMethodWorker.invokeTestMethods(TestMethodWorker.java:127)
	at org.testng.internal.TestMethodWorker.run(TestMethodWorker.java:111)
	at org.testng.TestRunner.privateRun(TestRunner.java:767)
	at org.testng.TestRunner.run(TestRunner.java:617)
	at org.testng.SuiteRunner.runTest(SuiteRunner.java:334)
	at org.testng.SuiteRunner.runSequentially(SuiteRunner.java:329)
	at org.testng.SuiteRunner.privateRun(SuiteRunner.java:291)
	at org.testng.SuiteRunner.run(SuiteRunner.java:240)
	at org.testng.SuiteRunnerWorker.runSuite(SuiteRunnerWorker.java:52)
	at org.testng.SuiteRunnerWorker.run(SuiteRunnerWorker.java:86)
	at org.testng.TestNG.runSuitesSequentially(TestNG.java:1224)
	at org.testng.TestNG.runSuitesLocally(TestNG.java:1149)
	at org.testng.TestNG.run(TestNG.java:1057)
	at org.testng.remote.AbstractRemoteTestNG.run(AbstractRemoteTestNG.java:132)
	at org.testng.remote.RemoteTestNG.initAndRun(RemoteTestNG.java:230)
	at org.testng.remote.RemoteTestNG.main(RemoteTestNG.java:76)
]]>
    </error>
  </testcase> <!-- testRsaEncrypt -->
  <testcase name="testDesEncrypt" time="0.003" classname="com.tal.demo.util.DeEnCoderHutoolUtilTest"/>
</testsuite> <!-- com.tal.demo.util.DeEnCoderHutoolUtilTest -->
